<?xml version="1.0" encoding="UTF-8"?>
<!-- Generated by org.testng.reporters.JUnitXMLReporter -->
<testsuite ignored="0" hostname="asmahisham" failures="0" tests="10" name="Default test" time="55.093" errors="0" timestamp="2024-11-10T22:09:42 GST">
  <testcase classname="MyTestCases" name="CheckEnglishLangIsDefault" time="0.043"/>
  <testcase classname="MyTestCases" name="CheckDefaultCurrencyIsSAR" time="2.401"/>
  <testcase classname="MyTestCases" name="CheckContactNumber" time="0.035"/>
  <testcase classname="MyTestCases" name="CheckAppleLogoIsInFooter" time="0.065"/>
  <testcase classname="MyTestCases" name="CheckHotelTabIsNotSelected" time="0.102"/>
  <testcase classname="MyTestCases" name="CheckDepartureDate" time="0.04"/>
  <testcase classname="MyTestCases" name="CheckArrivalDate" time="0.026"/>
  <testcase classname="MyTestCases" name="RandomlyChangeLang" time="43.84"/>
  <testcase classname="MyTestCases" name="CheckPageIsLoaded" time="0.039"/>
  <testcase classname="MyTestCases" name="CheckSortOption" time="2.891"/>
</testsuite> <!-- Default test -->
