<?xml version="1.0" encoding="UTF-8"?>
<!-- Generated by org.testng.reporters.JUnitXMLReporter -->
<testsuite ignored="0" hostname="asmahisham" failures="0" tests="10" name="Default test" time="68.911" errors="0" timestamp="2024-11-12T16:28:54 GST">
  <testcase classname="MyTestCases" name="CheckEnglishLangIsDefault" time="3.364"/>
  <testcase classname="MyTestCases" name="CheckDefaultCurrencyIsSAR" time="4.583"/>
  <testcase classname="MyTestCases" name="CheckContactNumber" time="0.031"/>
  <testcase classname="MyTestCases" name="CheckAppleLogoIsInFooter" time="0.048"/>
  <testcase classname="MyTestCases" name="CheckHotelTabIsNotSelected" time="0.031"/>
  <testcase classname="MyTestCases" name="CheckDepartureDate" time="0.027"/>
  <testcase classname="MyTestCases" name="CheckArrivalDate" time="0.026"/>
  <testcase classname="MyTestCases" name="RandomlyChangeLang" time="54.726"/>
  <testcase classname="MyTestCases" name="CheckPageIsLoaded" time="0.035"/>
  <testcase classname="MyTestCases" name="CheckSortOption" time="2.842"/>
</testsuite> <!-- Default test -->
