<?xml version="1.0" encoding="UTF-8"?>
<testng-results ignored="0" total="10" passed="10" failed="0" skipped="0">
  <reporter-output>
  </reporter-output>
  <suite started-at="2024-11-10T16:53:30 GST" name="Default suite" finished-at="2024-11-10T16:54:29 GST" duration-ms="59496">
    <groups>
    </groups>
    <test started-at="2024-11-10T16:53:30 GST" name="Default test" finished-at="2024-11-10T16:54:29 GST" duration-ms="59496">
      <class name="MyTestCases">
        <test-method is-config="true" signature="mySetup()[pri:0, instance:MyTestCases@2002348]" started-at="2024-11-10T16:53:30 GST" name="mySetup" finished-at="2024-11-10T16:53:37 GST" duration-ms="7670" status="PASS">
          <reporter-output>
          </reporter-output>
        </test-method> <!-- mySetup -->
        <test-method signature="CheckEnglishLangIsDefault()[pri:1, instance:MyTestCases@2002348]" started-at="2024-11-10T16:53:37 GST" name="CheckEnglishLangIsDefault" finished-at="2024-11-10T16:53:37 GST" duration-ms="41" status="PASS">
          <reporter-output>
          </reporter-output>
        </test-method> <!-- CheckEnglishLangIsDefault -->
        <test-method signature="CheckDefaultCurrencyIsSAR()[pri:2, instance:MyTestCases@2002348]" started-at="2024-11-10T16:53:37 GST" name="CheckDefaultCurrencyIsSAR" finished-at="2024-11-10T16:53:41 GST" duration-ms="3506" status="PASS">
          <reporter-output>
          </reporter-output>
        </test-method> <!-- CheckDefaultCurrencyIsSAR -->
        <test-method signature="CheckContactNumber()[pri:3, instance:MyTestCases@2002348]" started-at="2024-11-10T16:53:41 GST" name="CheckContactNumber" finished-at="2024-11-10T16:53:41 GST" duration-ms="26" status="PASS">
          <reporter-output>
          </reporter-output>
        </test-method> <!-- CheckContactNumber -->
        <test-method signature="CheckAppleLogoIsInFooter()[pri:4, instance:MyTestCases@2002348]" started-at="2024-11-10T16:53:41 GST" name="CheckAppleLogoIsInFooter" finished-at="2024-11-10T16:53:41 GST" duration-ms="47" status="PASS">
          <reporter-output>
          </reporter-output>
        </test-method> <!-- CheckAppleLogoIsInFooter -->
        <test-method signature="CheckHotelTabIsNotSelected()[pri:5, instance:MyTestCases@2002348]" started-at="2024-11-10T16:53:41 GST" name="CheckHotelTabIsNotSelected" finished-at="2024-11-10T16:53:41 GST" duration-ms="453" status="PASS">
          <reporter-output>
          </reporter-output>
        </test-method> <!-- CheckHotelTabIsNotSelected -->
        <test-method signature="CheckDepartureDate()[pri:6, instance:MyTestCases@2002348]" started-at="2024-11-10T16:53:41 GST" name="CheckDepartureDate" finished-at="2024-11-10T16:53:42 GST" duration-ms="129" status="PASS">
          <reporter-output>
          </reporter-output>
        </test-method> <!-- CheckDepartureDate -->
        <test-method signature="CheckArrivalDate()[pri:7, instance:MyTestCases@2002348]" started-at="2024-11-10T16:53:42 GST" name="CheckArrivalDate" finished-at="2024-11-10T16:53:42 GST" duration-ms="37" status="PASS">
          <reporter-output>
          </reporter-output>
        </test-method> <!-- CheckArrivalDate -->
        <test-method signature="RandomlyChangeLang()[pri:8, instance:MyTestCases@2002348]" started-at="2024-11-10T16:53:42 GST" name="RandomlyChangeLang" finished-at="2024-11-10T16:54:26 GST" duration-ms="44641" status="PASS">
          <reporter-output>
          </reporter-output>
        </test-method> <!-- RandomlyChangeLang -->
        <test-method signature="CheckPageIsLoaded()[pri:9, instance:MyTestCases@2002348]" started-at="2024-11-10T16:54:26 GST" name="CheckPageIsLoaded" finished-at="2024-11-10T16:54:26 GST" duration-ms="46" status="PASS">
          <reporter-output>
          </reporter-output>
        </test-method> <!-- CheckPageIsLoaded -->
        <test-method signature="CheckSortOption()[pri:10, instance:MyTestCases@2002348]" started-at="2024-11-10T16:54:26 GST" name="CheckSortOption" finished-at="2024-11-10T16:54:29 GST" duration-ms="2842" status="PASS">
          <reporter-output>
          </reporter-output>
        </test-method> <!-- CheckSortOption -->
      </class> <!-- MyTestCases -->
    </test> <!-- Default test -->
  </suite> <!-- Default suite -->
</testng-results>
